\BOOKMARK [0][-]{chapter*.1}{\376\377\144\130\000\040\211\201}{}% 1
\BOOKMARK [0][-]{chapter*.2}{\376\377\000A\000b\000s\000t\000r\000a\000c\000t}{}% 2
\BOOKMARK [0][-]{chapter*.3}{\376\377\166\356\000\040\137\125}{}% 3
\BOOKMARK [0][-]{chapter*.4}{\376\377\126\376\166\356\137\125}{}% 4
\BOOKMARK [0][-]{chapter*.5}{\376\377\210\150\166\356\137\125}{}% 5
\BOOKMARK [0][-]{chapter.1}{\376\377\0001\000\040\000\040\176\352\213\272}{}% 6
\BOOKMARK [1][-]{section.1.1}{\376\377\0001\000.\0001\000\040\140\166\141\017\217\157\116\366\151\202\217\360}{chapter.1}% 7
\BOOKMARK [2][-]{subsection.1.1.1}{\376\377\0001\000.\0001\000.\0001\000\040\140\166\141\017\217\157\116\366\133\232\116\111}{section.1.1}% 8
\BOOKMARK [2][-]{subsection.1.1.2}{\376\377\0001\000.\0001\000.\0002\000\040\140\166\141\017\217\157\116\366\122\006\174\173}{section.1.1}% 9
\BOOKMARK [2][-]{subsection.1.1.3}{\376\377\0001\000.\0001\000.\0003\000\040\140\166\141\017\217\157\116\366\117\040\144\255\116\313\215\050}{section.1.1}% 10
\BOOKMARK [1][-]{section.1.2}{\376\377\0001\000.\0002\000\040\140\166\141\017\217\157\116\366\150\300\155\113\116\016\122\006\147\220\170\024\172\166\217\333\134\125}{chapter.1}% 11
\BOOKMARK [2][-]{subsection.1.2.1}{\376\377\0001\000.\0002\000.\0001\000\040\162\171\137\201\170\001\123\071\221\115\142\200\147\057}{section.1.2}% 12
\BOOKMARK [2][-]{subsection.1.2.2}{\376\377\0001\000.\0002\000.\0002\000\040\227\131\140\001\122\006\147\220\116\016\150\300\155\113\142\200\147\057}{section.1.2}% 13
\BOOKMARK [2][-]{subsection.1.2.3}{\376\377\0001\000.\0002\000.\0003\000\040\122\250\140\001\122\006\147\220\116\016\150\300\155\113\142\200\147\057}{section.1.2}% 14
\BOOKMARK [0][-]{chapter.2}{\376\377\0002\000\040\000\040\127\372\116\216\126\376\166\204\140\166\141\017\217\157\116\366\227\131\140\001\122\006\147\220\145\271\154\325\170\024\172\166}{}% 15
\BOOKMARK [1][-]{section.2.1}{\376\377\0002\000.\0001\000\040\170\024\172\166\200\314\146\157}{chapter.2}% 16
\BOOKMARK [1][-]{section.2.2}{\376\377\0002\000.\0002\000\040\127\372\116\216\126\376\166\204\140\166\141\017\217\157\116\366\227\131\140\001\122\006\147\220}{chapter.2}% 17
\BOOKMARK [2][-]{subsection.2.2.1}{\376\377\0002\000.\0002\000.\0001\000\040\000P\000E\145\207\116\366\123\315\177\026\213\321\123\312\147\204\136\372\000F\000A\000-\000C\000F\000G\126\376}{section.2.2}% 18
\BOOKMARK [2][-]{subsection.2.2.2}{\376\377\0002\000.\0002\000.\0002\000\040\121\375\145\160\225\177\136\246\230\221\163\207}{section.2.2}% 19
\BOOKMARK [0][-]{chapter.3}{\376\377\0003\000\040\000\040\127\372\116\216\150\007\173\176\117\040\144\255\166\204\140\166\141\017\217\157\116\366\150\300\155\113\173\227\154\325\170\024\172\166}{}% 20
\BOOKMARK [1][-]{section.3.1}{\376\377\0003\000.\0001\000\040\166\370\121\163\170\024\172\166}{chapter.3}% 21
\BOOKMARK [1][-]{section.3.2}{\376\377\0003\000.\0002\000\040\145\207\116\366\121\163\200\124\126\376\166\204\147\204\136\372}{chapter.3}% 22
\BOOKMARK [2][-]{subsection.3.2.1}{\376\377\0003\000.\0002\000.\0001\000\040\145\207\116\366\121\163\200\124\126\376\174\173\127\213}{section.3.2}% 23
\BOOKMARK [2][-]{subsection.3.2.2}{\376\377\0003\000.\0002\000.\0002\000\040\126\376\166\204\147\204\136\372\173\126\165\145}{section.3.2}% 24
\BOOKMARK [2][-]{subsection.3.2.3}{\376\377\0003\000.\0002\000.\0003\000\040\147\204\136\372\145\207\116\366\121\163\200\124\126\376}{section.3.2}% 25
\BOOKMARK [1][-]{section.3.3}{\376\377\0003\000.\0003\000\040\150\007\173\176\117\040\144\255\173\227\154\325}{chapter.3}% 26
\BOOKMARK [1][-]{section.3.4}{\376\377\0003\000.\0004\000\040\173\227\154\325\143\317\217\360}{chapter.3}% 27
\BOOKMARK [1][-]{section.3.5}{\376\377\0003\000.\0005\000\040\133\236\232\214\232\214\213\301}{chapter.3}% 28
\BOOKMARK [2][-]{subsection.3.5.1}{\376\377\0003\000.\0005\000.\0001\000\040\133\236\232\214\145\160\143\156}{section.3.5}% 29
\BOOKMARK [2][-]{subsection.3.5.2}{\376\377\0003\000.\0005\000.\0002\000\040\000k\000N\000N\126\376\147\204\136\372\140\047\200\375\133\371\153\324\122\006\147\220}{section.3.5}% 30
\BOOKMARK [2][-]{subsection.3.5.3}{\376\377\0003\000.\0005\000.\0003\000\040\173\227\154\325\140\047\200\375\122\006\147\220}{section.3.5}% 31
\BOOKMARK [1][-]{section.3.6}{\376\377\0003\000.\0006\000\040\147\054\172\340\134\017\176\323}{chapter.3}% 32
\BOOKMARK [0][-]{chapter.4}{\376\377\0004\000\040\000\040\127\372\116\216\145\207\116\366\171\076\116\244\177\121\176\334\166\204\140\166\141\017\217\157\116\366\150\300\155\113\145\271\154\325\170\024\172\166}{}% 33
\BOOKMARK [1][-]{section.4.1}{\376\377\0004\000.\0001\000\040\166\370\121\163\170\024\172\166}{chapter.4}% 34
\BOOKMARK [1][-]{section.4.2}{\376\377\0004\000.\0002\000\040\174\373\176\337\147\266\147\204}{chapter.4}% 35
\BOOKMARK [1][-]{section.4.3}{\376\377\0004\000.\0003\000\040\145\207\116\366\150\067\147\054\171\076\116\244\177\121\176\334\122\006\147\220}{chapter.4}% 36
\BOOKMARK [2][-]{subsection.4.3.1}{\376\377\0004\000.\0003\000.\0001\000\040\145\207\116\366\121\163\200\124\126\376}{section.4.3}% 37
\BOOKMARK [2][-]{subsection.4.3.2}{\376\377\0004\000.\0003\000.\0002\000\040\145\207\116\366\121\163\200\124\177\121\176\334\166\204\162\171\137\201\134\136\140\047}{section.4.3}% 38
\BOOKMARK [2][-]{subsection.4.3.3}{\376\377\0004\000.\0003\000.\0003\000\040\127\372\116\216\126\376\134\136\140\047\166\204\145\207\116\366\221\307\150\067}{section.4.3}% 39
\BOOKMARK [1][-]{section.4.4}{\376\377\0004\000.\0004\000\040\116\073\122\250\133\146\116\140}{chapter.4}% 40
\BOOKMARK [2][-]{subsection.4.4.1}{\376\377\0004\000.\0004\000.\0001\000\040\166\370\121\163\151\202\137\365}{section.4.4}% 41
\BOOKMARK [2][-]{subsection.4.4.2}{\376\377\0004\000.\0004\000.\0002\000\040\116\073\122\250\133\146\116\140\173\227\154\325\221\307\150\067\173\126\165\145}{section.4.4}% 42
\BOOKMARK [2][-]{subsection.4.4.3}{\376\377\0004\000.\0004\000.\0003\000\040\147\000\131\047\142\171\221\317\177\121\176\334\130\236\166\312\166\204\221\307\150\067\173\227\154\325}{section.4.4}% 43
\BOOKMARK [1][-]{section.4.5}{\376\377\0004\000.\0005\000\040\127\372\116\216\116\073\122\250\133\146\116\140\166\204\150\007\173\176\117\040\144\255\173\227\154\325}{chapter.4}% 44
\BOOKMARK [1][-]{section.4.6}{\376\377\0004\000.\0006\000\040\127\372\116\216\145\207\116\366\171\076\116\244\177\121\176\334\166\204\140\166\141\017\217\157\116\366\150\300\155\113\145\271\154\325}{chapter.4}% 45
\BOOKMARK [1][-]{section.4.7}{\376\377\0004\000.\0007\000\040\133\236\232\214\232\214\213\301}{chapter.4}% 46
\BOOKMARK [2][-]{subsection.4.7.1}{\376\377\0004\000.\0007\000.\0001\000\040\127\372\116\216\126\376\134\136\140\047\166\204\221\307\150\067\173\126\165\145\122\006\147\220}{section.4.7}% 47
\BOOKMARK [2][-]{subsection.4.7.2}{\376\377\0004\000.\0007\000.\0002\000\040\116\073\122\250\133\146\116\140\133\371\230\204\155\113\166\204\137\161\124\315}{section.4.7}% 48
\BOOKMARK [1][-]{section.4.8}{\376\377\0004\000.\0008\000\040\147\054\172\340\134\017\176\323}{chapter.4}% 49
\BOOKMARK [0][-]{chapter.5}{\376\377\0005\000\040\000\040\140\073\176\323\116\016\134\125\147\033}{}% 50
\BOOKMARK [0][-]{chapter*.25}{\376\377\201\364\000\040\214\042}{}% 51
\BOOKMARK [0][-]{chapter*.25}{\376\377\123\302\200\003\145\207\163\056}{}% 52
\BOOKMARK [0][-]{appendix*.27}{\376\377\226\104\000\040\137\125}{}% 53
